<?xml version="1.0" encoding="UTF-8"?>
<testsuite name="PhoneBookTest" tests="1" skipped="0" failures="0" errors="0" timestamp="2020-08-05T05:23:44" hostname="LAPTOP-KI1HK340" time="51.593">
  <properties/>
  <testcase name="start" classname="PhoneBookTest" time="51.593"/>
  <system-out><![CDATA[?[1;31m
Start test 1?[0m

Start searching (linear search)...
Found 500 / 500 entries. Time taken: 0 min. 3 sec. 647 ms.

Start searching (bubble sort + jump search)...
Found 500 / 500 entries. Time taken: 0 min. 40 sec. 115 ms.
Sorting time: 0 min. 36 sec. 472 ms. - STOPPED, moved to linear search
Searching time: 0 min. 3 sec. 643 ms.

Start searching (quick sort + binary search)...
Found 500 / 500 entries. Time taken: 0 min. 1 sec. 371 ms.
Sorting time: 0 min. 1 sec. 365 ms.
Searching time: 0 min. 0 sec. 6 ms.

Start searching (hash table)...
Found 500 / 500 entries. Time taken: 0 min. 0 sec. 247 ms.
Creating time: 0 min. 0 sec. 247 ms.
Searching time: 0 min. 0 sec. 0 ms.
]]></system-out>
  <system-err><![CDATA[]]></system-err>
</testsuite>
