<?xml version="1.0" encoding="UTF-8"?>
<testsuite name="PhoneBookTest" tests="1" skipped="0" failures="0" errors="0" timestamp="2020-07-30T01:22:19" hostname="LAPTOP-KI1HK340" time="33.172">
  <properties/>
  <testcase name="start" classname="PhoneBookTest" time="33.172"/>
  <system-out><![CDATA[?[1;31m
Start test 1?[0m

Start searching (linear search)...
Found 500 / 500 entries. Time taken: 0 min. 2 sec. 430 ms.

Start searching (bubble sort + jump search)...
Found 500 / 500 entries. Time taken: 0 min. 26 sec. 744 ms.
Sorting time: 0 min. 24 sec. 304 ms. - STOPPED, moved to linear search
Searching time: 0 min. 2 sec. 440 ms.

Start searching (quick sort + binary search)...
Found 500 / 500 entries. Time taken: 0 min. 1 sec. 174 ms.
Sorting time: 0 min. 1 sec. 174 ms.
Searching time: 0 min. 0 sec. 0 ms.
]]></system-out>
  <system-err><![CDATA[]]></system-err>
</testsuite>
