<?xml version="1.0" encoding="UTF-8"?>
<testsuite name="PhoneBookTest" tests="1" skipped="0" failures="0" errors="0" timestamp="2020-07-19T06:59:39" hostname="LAPTOP-KI1HK340" time="9.414">
  <properties/>
  <testcase name="start" classname="PhoneBookTest" time="9.414"/>
  <system-out><![CDATA[?[1;31m
Start test 1?[0m
Start searching...
Found 500 / 500 entries. Time taken: 0 min. 3 sec. 313 ms.?[1;31m
Start test 2?[0m
Start searching...
Found 500 / 500 entries. Time taken: 0 min. 3 sec. 74 ms.]]></system-out>
  <system-err><![CDATA[]]></system-err>
</testsuite>
